<?xml version="1.0" encoding="UTF-8" ?>
<testsuite tests="7" failures="0" name="com.tntautomation.test_pyramid_strategy.airport.PassengerTest" time="0.055" errors="0" skipped="0">
  <properties>
    <property name="idea.version" value="2020.2"/>
    <property name="java.runtime.name" value="Java(TM) SE Runtime Environment"/>
    <property name="sun.boot.library.path" value="C:\Program Files (x86)\Java\jdk1.8.0_241\jre\bin"/>
    <property name="java.vm.version" value="25.241-b07"/>
    <property name="java.vm.vendor" value="Oracle Corporation"/>
    <property name="maven.multiModuleProjectDirectory" value="C:\Users\919842\source\TDD\03\demos\Phase2\airport"/>
    <property name="java.vendor.url" value="http://java.oracle.com/"/>
    <property name="path.separator" value=";"/>
    <property name="guice.disable.misplaced.annotation.check" value="true"/>
    <property name="java.vm.name" value="Java HotSpot(TM) Client VM"/>
    <property name="file.encoding.pkg" value="sun.io"/>
    <property name="user.script" value=""/>
    <property name="user.country" value="US"/>
    <property name="sun.java.launcher" value="SUN_STANDARD"/>
    <property name="sun.os.patch.level" value=""/>
    <property name="java.vm.specification.name" value="Java Virtual Machine Specification"/>
    <property name="user.dir" value="C:\Users\919842\source\TDD\03\demos\Phase2\airport"/>
    <property name="java.runtime.version" value="1.8.0_241-b07"/>
    <property name="java.awt.graphicsenv" value="sun.awt.Win32GraphicsEnvironment"/>
    <property name="java.endorsed.dirs" value="C:\Program Files (x86)\Java\jdk1.8.0_241\jre\lib\endorsed"/>
    <property name="os.arch" value="x86"/>
    <property name="java.io.tmpdir" value="C:\Users\919842\AppData\Local\Temp\"/>
    <property name="line.separator" value="
"/>
    <property name="java.vm.specification.vendor" value="Oracle Corporation"/>
    <property name="user.variant" value=""/>
    <property name="os.name" value="Windows 10"/>
    <property name="maven.ext.class.path" value="C:\Program Files\JetBrains\IntelliJ IDEA 2020.2\plugins\maven\lib\maven-event-listener.jar"/>
    <property name="classworlds.conf" value="C:\Program Files\JetBrains\IntelliJ IDEA 2020.2\plugins\maven\lib\maven3\bin\m2.conf"/>
    <property name="sun.jnu.encoding" value="Cp1252"/>
    <property name="java.library.path" value="C:\Program Files (x86)\Java\jdk1.8.0_241\bin;C:\Windows\Sun\Java\bin;C:\Windows\system32;C:\Windows;C:\Program Files (x86)\Microsoft SDKs\Azure\CLI2\wbin;C:\Users\919842\source\repos\pythongcode;C:\dev\tools\virtualenvs;C:\Program Files (x86)\Common Files\Intel\Shared Libraries\redist\intel64\compiler;C:\dev\tools\jdk-13.0.1\bin;C:\dev\tools\apache-maven-3.6.3\bin;C:\Windows\system32;C:\Windows;C:\Windows\System32\Wbem;C:\Windows\System32\WindowsPowerShell\v1.0\;C:\Windows\System32\OpenSSH\;C:\Program Files (x86)\Common Files\Oracle\Java\javapath;C:\Program Files (x86)\Sennheiser\SoftphoneSDK\;C:\Program Files\Microsoft SQL Server\130\Tools\Binn\;C:\Program Files\Microsoft SQL Server\Client SDK\ODBC\170\Tools\Binn\;C:\dev\tools\VSCode-win32-x64-1.43.2\bin;C:\Program Files\nodejs\;5.4.5;C:\Program Files (x86)\Webex\Webex\Applications;C:\Go\bin;C:\Program Files\dotnet\;C:\Program Files (x86)\dotnet\;C:\Program Files (x86)\Google\Cloud SDK\google-cloud-sdk\bin;C:\Program Files (x86)\Webex\Plugins;C:\dev\tools\chromedriver.exe;C:\Program Files\Git\cmd;C:\Program Files\Microsoft VS Code\bin;C:\Users\919842\AppData\Local\Programs\Python\Python38\;;C:\Program Files\Docker\Docker\resources\bin;C:\ProgramData\DockerDesktop\version-bin;C:\Users\919842\.poetry\bin;C:\Users\919842\AppData\Local\Programs\Python\Python38\Scripts\;C:\Users\919842\AppData\Local\Microsoft\WindowsApps;C:\Program Files\JetBrains\IntelliJ IDEA Community Edition 2019.3.1\bin;C:\Users\919842\.dotnet\tools;C:\Users\919842\AppData\Roaming\npm;C:\Users\919842\go;C:\Program Files\JetBrains\IntelliJ IDEA 2020.2\bin;."/>
    <property name="maven.conf" value="C:\Program Files\JetBrains\IntelliJ IDEA 2020.2\plugins\maven\lib\maven3/conf"/>
    <property name="java.specification.name" value="Java Platform API Specification"/>
    <property name="java.class.version" value="52.0"/>
    <property name="sun.management.compiler" value="HotSpot Client Compiler"/>
    <property name="os.version" value="10.0"/>
    <property name="user.home" value="C:\Users\919842"/>
    <property name="user.timezone" value="America/Phoenix"/>
    <property name="java.awt.printerjob" value="sun.awt.windows.WPrinterJob"/>
    <property name="java.specification.version" value="1.8"/>
    <property name="file.encoding" value="UTF-8"/>
    <property name="user.name" value="919842"/>
    <property name="java.class.path" value="C:\Program Files\JetBrains\IntelliJ IDEA 2020.2\plugins\maven\lib\maven3\boot\plexus-classworlds-2.6.0.jar;C:\Program Files\JetBrains\IntelliJ IDEA 2020.2\plugins\maven\lib\maven3\boot\plexus-classworlds.license;C:\Program Files\JetBrains\IntelliJ IDEA 2020.2\lib\idea_rt.jar"/>
    <property name="java.vm.specification.version" value="1.8"/>
    <property name="sun.arch.data.model" value="32"/>
    <property name="java.home" value="C:\Program Files (x86)\Java\jdk1.8.0_241\jre"/>
    <property name="sun.java.command" value="org.codehaus.classworlds.Launcher -Didea.version=2020.2 test"/>
    <property name="java.specification.vendor" value="Oracle Corporation"/>
    <property name="user.language" value="en"/>
    <property name="awt.toolkit" value="sun.awt.windows.WToolkit"/>
    <property name="java.vm.info" value="mixed mode, sharing"/>
    <property name="java.version" value="1.8.0_241"/>
    <property name="java.ext.dirs" value="C:\Program Files (x86)\Java\jdk1.8.0_241\jre\lib\ext;C:\Windows\Sun\Java\lib\ext"/>
    <property name="sun.boot.class.path" value="C:\Program Files (x86)\Java\jdk1.8.0_241\jre\lib\resources.jar;C:\Program Files (x86)\Java\jdk1.8.0_241\jre\lib\rt.jar;C:\Program Files (x86)\Java\jdk1.8.0_241\jre\lib\sunrsasign.jar;C:\Program Files (x86)\Java\jdk1.8.0_241\jre\lib\jsse.jar;C:\Program Files (x86)\Java\jdk1.8.0_241\jre\lib\jce.jar;C:\Program Files (x86)\Java\jdk1.8.0_241\jre\lib\charsets.jar;C:\Program Files (x86)\Java\jdk1.8.0_241\jre\lib\jfr.jar;C:\Program Files (x86)\Java\jdk1.8.0_241\jre\classes"/>
    <property name="java.vendor" value="Oracle Corporation"/>
    <property name="maven.home" value="C:\Program Files\JetBrains\IntelliJ IDEA 2020.2\plugins\maven\lib\maven3"/>
    <property name="file.separator" value="\"/>
    <property name="java.vendor.url.bug" value="http://bugreport.sun.com/bugreport/"/>
    <property name="sun.cpu.endian" value="little"/>
    <property name="sun.io.unicode.encoding" value="UnicodeLittle"/>
    <property name="sun.desktop" value="windows"/>
    <property name="sun.cpu.isalist" value="pentium_pro+mmx pentium_pro pentium+mmx pentium i486 i386 i86"/>
  </properties>
  <testcase classname="com.tntautomation.test_pyramid_strategy.airport.PassengerTest" name="com.tntautomation.test_pyramid_strategy.airport.PassengerTest.testPassengerCreation" time="0.041"/>
  <testcase classname="com.tntautomation.test_pyramid_strategy.airport.PassengerTest" name="com.tntautomation.test_pyramid_strategy.airport.PassengerTest.testSetValidCountryCode" time="0.007"/>
  <testcase classname="com.tntautomation.test_pyramid_strategy.airport.PassengerTest" name="com.tntautomation.test_pyramid_strategy.airport.PassengerTest.testPassengerToString" time="0.003"/>
  <testcase classname="com.tntautomation.test_pyramid_strategy.airport.PassengerTest" name="com.tntautomation.test_pyramid_strategy.airport.PassengerTest.testSetInvalidSsn" time="0.003"/>
  <testcase classname="com.tntautomation.test_pyramid_strategy.airport.PassengerTest" name="com.tntautomation.test_pyramid_strategy.airport.PassengerTest.testInvalidSsn" time="0.001"/>
  <testcase classname="com.tntautomation.test_pyramid_strategy.airport.PassengerTest" name="com.tntautomation.test_pyramid_strategy.airport.PassengerTest.testSetValidSsn" time="0"/>
  <testcase classname="com.tntautomation.test_pyramid_strategy.airport.PassengerTest" name="com.tntautomation.test_pyramid_strategy.airport.PassengerTest.testSetInvalidCountryCode" time="0"/>
</testsuite>